Reading point coordinates...
[' data', 'ZoneType', 'GridCoordinates', 'Elem_Triangles', 'PointData', 'ZoneIterativeData_t']
Reading point indices...
Done! Elapsed time =  0.003145933151245117 s
Reading gradient of adaptation field...
Done! Elapsed time =  0.0016531944274902344 s
Reading gradient of adaptation field...
Done! Elapsed time =  0.0016582012176513672 s
Reading wall distance field...
Done! Elapsed time =  0.0005602836608886719 s
Compute cell volumes/areas of all of the cells...
Computing Cells volumes...
N of trias:  92741
N of quads:  0
Done! Elapsed time  0.017819881439208984 s
Extracting Neighbors points...
Analyzing  46571  points...
Arrays created.. Now we store neighbors and cells CellsOfPoint structure
Cells analyzed:  0
Cells analyzed:  10000
Cells analyzed:  20000
Cells analyzed:  30000
Cells analyzed:  40000
Cells analyzed:  50000
Cells analyzed:  60000
Cells analyzed:  70000
Cells analyzed:  80000
Cells analyzed:  90000
Elapsed time  0.19083499908447266 s
Computing if a point is inside the prescribed bounding box...
Done!  40258  found inside the box,  6313  found outside. Elapsed time =  0.004980802536010742  s
Checking which points are farther from the wall than the minimum distance set...
Done!  29064  found outside the BL and inside the box,  17507  found inside the BL. Elapsed time =  0.009961605072021484  s
Computing initial metric...
Done! Elapsed time  0.06553959846496582 s
np.mean(avg_S) =  0.004131437827091226
np.std(avg_S) =  0.008050692484451547
Computing Cells volumes...
Done! Elapsed time =  0.002373933792114258  s
Current complexity of region to adapt =  10854.46033526579
Total number of points to coarse =  0 , Total number of points to refine =  6889
Smoothing the metric distribution...
Done! Elapsed time  0.007962942123413086 s
Final AdaptedComplexity =  48611.68641720017
A complexity ratio of 2.0 has been requested
Current complexity ratio =  4.478498692308301
Modify metric to enforce desired complexity ratio
Reached an error = 0.0006534117412647644 after 5 iteration
Final complexity ratio = 1.9986931765174705
N of points hitting max spacing =  0   N of points hitting min spacing =  2532
Total elapsed time =  0.5925111770629883 s
