Reading point coordinates...
Extracting Gradient of  Pressure  in the x-direction...
Extracting Gradient of  Pressure  in the y-direction...
Done! Elapsed time 0.0031647682189941406 s
Reading point indices...
Done! Elapsed time =  0.0002753734588623047 s
Compute cell volumes/areas of all of the cells...
Computing Cells volumes...
N of lines:  332
Done! Elapsed time  0.0004394054412841797 s
Extracting Neighbors points...
Analyzing  332  points...
Arrays created.. Now we store neighbors and cells CellsOfPoint structure
Cells analyzed:  0
Elapsed time  0.00032401084899902344 s
Computing if a point is inside the prescribed bounding box...
Done!  332  found inside the box,  0  found outside. Elapsed time =  0.0004267692565917969  s
Computing initial metric...
Done! Elapsed time  0.0005273818969726562 s
np.mean(avg_S) =  0.11394783806790325
np.std(avg_S) =  0.2348602498117352
Computing Cells volumes...
Done! Elapsed time =  4.696846008300781e-05  s
Current complexity of region to adapt =  19228.61138079787
N of points requiring more than 1.1 = 255
Total number of points to coarse =  267 , Total number of points to refine =  65
Smoothing the metric distribution...
Done! Elapsed time  0.00037598609924316406 s
Final AdaptedComplexity =  25361.562939259748
A complexity ratio of 2.0 has been requested
Current complexity ratio =  1.318949269762994
Modify metric to enforce desired complexity ratio
Reached an error = 0.00021405424895826197 after 5 iteration
Final complexity ratio = 1.9995718915020835
N of points hitting max spacing =  0   N of points hitting min spacing =  5
Total elapsed time =  0.00871419906616211 s
